<?xml version="1.0" encoding="UTF-8"?>
<testsuite name="automation practice"
           tests="3"
           failures="0"
           errors="0"
           skipped="0"
           time="2.781">
  <properties />
  
  
            <testcase name="verifyThatUserShouldCreateAccountSuccessfully" time="1.675" classname="com.nopcommerce.demo.testsuite.RegisterPageTest" />
                <testcase name="verifyUserShouldNavigateToRegisterPageSuccessfully" time="0.430" classname="com.nopcommerce.demo.testsuite.RegisterPageTest" />
                <testcase name="verifyThatFirstNameLastNameEmailPasswordAndConfirmPasswordFieldsAreMandatory" time="0.676" classname="com.nopcommerce.demo.testsuite.RegisterPageTest" />
      
</testsuite>
