<?xml version="1.0" encoding="UTF-8"?>
<testsuite name="automation practice"
           tests="4"
           failures="0"
           errors="0"
           skipped="0"
           time="3.962">
  <properties />
  
  
            <testcase name="verifyTheErrorMessageWithInValidCredentials" time="0.889" classname="com.nopcommerce.demo.testsuite.LoginPageTest" />
                <testcase name="VerifyThatUserShouldLogOutSuccessFully" time="1.604" classname="com.nopcommerce.demo.testsuite.LoginPageTest" />
                <testcase name="verifyThatUserShouldLogInSuccessFullyWithValidCredentials" time="1.070" classname="com.nopcommerce.demo.testsuite.LoginPageTest" />
                <testcase name="userShouldNavigateToLoginPageSuccessfully" time="0.399" classname="com.nopcommerce.demo.testsuite.LoginPageTest" />
      
</testsuite>
